0 verbose cli C:\Program Files\nodejs\node.exe C:\Program Files\nodejs\node_modules\npm\bin\npm-cli.js
1 info using npm@10.9.3
2 info using node@v22.19.0
3 silly config load:file:C:\Program Files\nodejs\node_modules\npm\npmrc
4 silly config load:file:H:\My Drive\rainmaker-obsidian\.npmrc
5 silly config load:file:C:\Users\james\.npmrc
6 silly config load:file:C:\Users\james\AppData\Roaming\npm\etc\npmrc
7 verbose title npm exec tsc -noEmit -skipLibCheck
8 verbose argv "exec" "--" "tsc" "-noEmit" "-skipLibCheck"
9 verbose logfile logs-max:10 dir:H:\My Drive\rainmaker-obsidian\%USERPROFILE%\npm-cache-new\_logs\2026-01-22T19_39_32_192Z-
10 verbose logfile H:\My Drive\rainmaker-obsidian\%USERPROFILE%\npm-cache-new\_logs\2026-01-22T19_39_32_192Z-debug-0.log
11 silly logfile done cleaning log files
12 silly packumentCache heap:4345298944 maxSize:1086324736 maxEntrySize:543162368
13 http fetch GET 200 https://registry.npmjs.org/tsc 456ms (cache revalidated)
14 silly packumentCache heap:4345298944 maxSize:1086324736 maxEntrySize:543162368
15 silly packumentCache heap:4345298944 maxSize:1086324736 maxEntrySize:543162368
16 verbose cwd H:\My Drive\rainmaker-obsidian
17 verbose os Windows_NT 10.0.26200
18 verbose node v22.19.0
19 verbose npm  v10.9.3
20 verbose exit 1
21 verbose code 1
